# JRE version: Java(TM) SE Runtime Environment (8.0_77-b03) (build 1.8.0_77-b03)
# Java VM: Java HotSpot(TM) 64-Bit Server VM (25.77-b03 mixed mode windows-amd64 compressed oops)
Heap:
 PSYoungGen      total 198656K, used 139134K [0x00000000eab00000, 0x00000000f8f80000, 0x0000000100000000)
  eden space 169472K, 82% used [0x00000000eab00000,0x00000000f32b7988,0x00000000f5080000)
  from space 29184K, 0% used [0x00000000f7300000,0x00000000f7328000,0x00000000f8f80000)
  to   space 32256K, 0% used [0x00000000f5080000,0x00000000f5080000,0x00000000f7000000)
 ParOldGen       total 171520K, used 103390K [0x00000000c0000000, 0x00000000ca780000, 0x00000000eab00000)
  object space 171520K, 60% used [0x00000000c0000000,0x00000000c64f79d8,0x00000000ca780000)
 Metaspace       used 72389K, capacity 74556K, committed 74624K, reserved 1114112K
  class space    used 9647K, capacity 10101K, committed 10112K, reserved 1048576K
GC Heap History (10 events):
Event: 92.957 GC heap before
{Heap before GC invocations=24 (full 3):
 PSYoungGen      total 130560K, used 130528K [0x00000000eab00000, 0x00000000f4980000, 0x0000000100000000)
  eden space 116224K, 100% used [0x00000000eab00000,0x00000000f1c80000,0x00000000f1c80000)
  from space 14336K, 99% used [0x00000000f2f00000,0x00000000f3cf8050,0x00000000f3d00000)
  to   space 18944K, 0% used [0x00000000f1c80000,0x00000000f1c80000,0x00000000f2f00000)
 ParOldGen       total 90112K, used 42575K [0x00000000c0000000, 0x00000000c5800000, 0x00000000eab00000)
  object space 90112K, 47% used [0x00000000c0000000,0x00000000c2993d18,0x00000000c5800000)
 Metaspace       used 68044K, capacity 69918K, committed 70144K, reserved 1110016K
  class space    used 9240K, capacity 9699K, committed 9728K, reserved 1048576K
Event: 93.923 GC heap after
Heap after GC invocations=24 (full 3):
 PSYoungGen      total 135168K, used 18925K [0x00000000eab00000, 0x00000000f7a00000, 0x0000000100000000)
  eden space 116224K, 0% used [0x00000000eab00000,0x00000000eab00000,0x00000000f1c80000)
  from space 18944K, 99% used [0x00000000f1c80000,0x00000000f2efb4f8,0x00000000f2f00000)
  to   space 33792K, 0% used [0x00000000f5900000,0x00000000f5900000,0x00000000f7a00000)
 ParOldGen       total 90112K, used 75712K [0x00000000c0000000, 0x00000000c5800000, 0x00000000eab00000)
  object space 90112K, 84% used [0x00000000c0000000,0x00000000c49f0398,0x00000000c5800000)
 Metaspace       used 68044K, capacity 69918K, committed 70144K, reserved 1110016K
  class space    used 9240K, capacity 9699K, committed 9728K, reserved 1048576K
}
Event: 93.923 GC heap before
{Heap before GC invocations=25 (full 4):
 PSYoungGen      total 135168K, used 18925K [0x00000000eab00000, 0x00000000f7a00000, 0x0000000100000000)
  eden space 116224K, 0% used [0x00000000eab00000,0x00000000eab00000,0x00000000f1c80000)
  from space 18944K, 99% used [0x00000000f1c80000,0x00000000f2efb4f8,0x00000000f2f00000)
  to   space 33792K, 0% used [0x00000000f5900000,0x00000000f5900000,0x00000000f7a00000)
 ParOldGen       total 90112K, used 75712K [0x00000000c0000000, 0x00000000c5800000, 0x00000000eab00000)
  object space 90112K, 84% used [0x00000000c0000000,0x00000000c49f0398,0x00000000c5800000)
 Metaspace       used 68044K, capacity 69918K, committed 70144K, reserved 1110016K
  class space    used 9240K, capacity 9699K, committed 9728K, reserved 1048576K
Event: 97.959 GC heap after
Heap after GC invocations=25 (full 4):
 PSYoungGen      total 135168K, used 367K [0x00000000eab00000, 0x00000000f7a00000, 0x0000000100000000)
  eden space 116224K, 0% used [0x00000000eab00000,0x00000000eab00000,0x00000000f1c80000)
  from space 18944K, 1% used [0x00000000f1c80000,0x00000000f1cdbec8,0x00000000f2f00000)
  to   space 33792K, 0% used [0x00000000f5900000,0x00000000f5900000,0x00000000f7a00000)
 ParOldGen       total 171520K, used 89895K [0x00000000c0000000, 0x00000000ca780000, 0x00000000eab00000)
  object space 171520K, 52% used [0x00000000c0000000,0x00000000c57c9e08,0x00000000ca780000)
 Metaspace       used 68044K, capacity 69918K, committed 70144K, reserved 1110016K
  class space    used 9240K, capacity 9699K, committed 9728K, reserved 1048576K
}
Event: 109.594 GC heap before
{Heap before GC invocations=26 (full 4):
 PSYoungGen      total 135168K, used 116591K [0x00000000eab00000, 0x00000000f7a00000, 0x0000000100000000)
  eden space 116224K, 100% used [0x00000000eab00000,0x00000000f1c80000,0x00000000f1c80000)
  from space 18944K, 1% used [0x00000000f1c80000,0x00000000f1cdbec8,0x00000000f2f00000)
  to   space 33792K, 0% used [0x00000000f5900000,0x00000000f5900000,0x00000000f7a00000)
 ParOldGen       total 171520K, used 89895K [0x00000000c0000000, 0x00000000ca780000, 0x00000000eab00000)
  object space 171520K, 52% used [0x00000000c0000000,0x00000000c57c9e08,0x00000000ca780000)
 Metaspace       used 69640K, capacity 71498K, committed 71808K, reserved 1112064K
  class space    used 9336K, capacity 9797K, committed 9856K, reserved 1048576K
Event: 110.122 GC heap after
Heap after GC invocations=26 (full 4):
 PSYoungGen      total 166912K, used 7278K [0x00000000eab00000, 0x00000000f7380000, 0x0000000100000000)
  eden space 139776K, 0% used [0x00000000eab00000,0x00000000eab00000,0x00000000f3380000)
  from space 27136K, 26% used [0x00000000f5900000,0x00000000f601ba90,0x00000000f7380000)
  to   space 32768K, 0% used [0x00000000f3380000,0x00000000f3380000,0x00000000f5380000)
 ParOldGen       total 171520K, used 89903K [0x00000000c0000000, 0x00000000ca780000, 0x00000000eab00000)
  object space 171520K, 52% used [0x00000000c0000000,0x00000000c57cbe08,0x00000000ca780000)
 Metaspace       used 69640K, capacity 71498K, committed 71808K, reserved 1112064K
  class space    used 9336K, capacity 9797K, committed 9856K, reserved 1048576K
}
Event: 129.426 GC heap before
{Heap before GC invocations=27 (full 4):
 PSYoungGen      total 166912K, used 146283K [0x00000000eab00000, 0x00000000f7380000, 0x0000000100000000)
  eden space 139776K, 99% used [0x00000000eab00000,0x00000000f32bf470,0x00000000f3380000)
  from space 27136K, 26% used [0x00000000f5900000,0x00000000f601ba90,0x00000000f7380000)
  to   space 32768K, 0% used [0x00000000f3380000,0x00000000f3380000,0x00000000f5380000)
 ParOldGen       total 171520K, used 89903K [0x00000000c0000000, 0x00000000ca780000, 0x00000000eab00000)
  object space 171520K, 52% used [0x00000000c0000000,0x00000000c57cbe08,0x00000000ca780000)
 Metaspace       used 70948K, capacity 72976K, committed 73216K, reserved 1112064K
  class space    used 9491K, capacity 9950K, committed 9984K, reserved 1048576K
Event: 131.471 GC heap after
Heap after GC invocations=27 (full 4):
 PSYoungGen      total 172544K, used 14986K [0x00000000eab00000, 0x00000000f9200000, 0x0000000100000000)
  eden space 139776K, 0% used [0x00000000eab00000,0x00000000eab00000,0x00000000f3380000)
  from space 32768K, 45% used [0x00000000f3380000,0x00000000f4222a68,0x00000000f5380000)
  to   space 31744K, 0% used [0x00000000f7300000,0x00000000f7300000,0x00000000f9200000)
 ParOldGen       total 171520K, used 90285K [0x00000000c0000000, 0x00000000ca780000, 0x00000000eab00000)
  object space 171520K, 52% used [0x00000000c0000000,0x00000000c582b730,0x00000000ca780000)
 Metaspace       used 70948K, capacity 72976K, committed 73216K, reserved 1112064K
  class space    used 9491K, capacity 9950K, committed 9984K, reserved 1048576K
}
Event: 136.283 GC heap before
{Heap before GC invocations=28 (full 4):
 PSYoungGen      total 172544K, used 154581K [0x00000000eab00000, 0x00000000f9200000, 0x0000000100000000)
  eden space 139776K, 99% used [0x00000000eab00000,0x00000000f33529b0,0x00000000f3380000)
  from space 32768K, 45% used [0x00000000f3380000,0x00000000f4222a68,0x00000000f5380000)
  to   space 31744K, 0% used [0x00000000f7300000,0x00000000f7300000,0x00000000f9200000)
 ParOldGen       total 171520K, used 90285K [0x00000000c0000000, 0x00000000ca780000, 0x00000000eab00000)
  object space 171520K, 52% used [0x00000000c0000000,0x00000000c582b730,0x00000000ca780000)
 Metaspace       used 70958K, capacity 72976K, committed 73216K, reserved 1112064K
  class space    used 9491K, capacity 9950K, committed 9984K, reserved 1048576K
Event: 136.311 GC heap after
Heap after GC invocations=28 (full 4):
 PSYoungGen      total 198656K, used 160K [0x00000000eab00000, 0x00000000f8f80000, 0x0000000100000000)
  eden space 169472K, 0% used [0x00000000eab00000,0x00000000eab00000,0x00000000f5080000)
  from space 29184K, 0% used [0x00000000f7300000,0x00000000f7328000,0x00000000f8f80000)
  to   space 32256K, 0% used [0x00000000f5080000,0x00000000f5080000,0x00000000f7000000)
 ParOldGen       total 171520K, used 103390K [0x00000000c0000000, 0x00000000ca780000, 0x00000000eab00000)
  object space 171520K, 60% used [0x00000000c0000000,0x00000000c64f79d8,0x00000000ca780000)
 Metaspace       used 70958K, capacity 72976K, committed 73216K, reserved 1112064K
  class space    used 9491K, capacity 9950K, committed 9984K, reserved 1048576K
}

